#
# A fatal error has been detected by the Java Runtime Environment:
#
#  EXCEPTION_ACCESS_VIOLATION (0xc0000005) at pc=0x0000029483901050, pid=22036, tid=21952
#
# JRE version: OpenJDK Runtime Environment Temurin-21.0.6+7 (21.0.6+7) (build 21.0.6+7-LTS)
# Java VM: OpenJDK 64-Bit Server VM Temurin-21.0.6+7 (21.0.6+7-LTS, mixed mode, emulated-client, sharing, tiered, compressed oops, compressed class ptrs, g1 gc, windows-amd64)
# Problematic frame:
# v  ~BufferBlob::MethodHandles adapters 0x0000029483901050
#
# No core dump will be written. Minidumps are not enabled by default on client versions of Windows
#
# If you would like to submit a bug report, please visit:
#   https://github.com/adoptium/adoptium-support/issues
#

---------------  S U M M A R Y ------------

Command Line: -XX:+ShowCodeDetailsInExceptionMessages -agentlib:jdwp=transport=dt_socket,suspend=y,address=localhost:50815 -Dcom.sun.management.jmxremote -Dcom.sun.management.jmxremote.port=50814 -Dcom.sun.management.jmxremote.authenticate=false -Dcom.sun.management.jmxremote.ssl=false -Djava.rmi.server.hostname=localhost -Dspring.jmx.enabled=true -Dmanagement.endpoints.jmx.exposure.include=* -Dspring.application.admin.enabled=true -Dspring.output.ansi.enabled=always -XX:TieredStopAtLevel=1 -Dspring.boot.project.name=tp-principal-backend -javaagent:C:\Users\Usuario\.eclipse\org.eclipse.platform_4.34.0_931374269_win32_win32_x86_64\configuration\org.eclipse.osgi\275\0\.cp\lib\javaagent-shaded.jar -Dfile.encoding=UTF-8 -Dstdout.encoding=UTF-8 -Dstderr.encoding=UTF-8 com.java.tp_principal_backend.TpPrincipalBackendApplication

Host: AMD Ryzen 5 5600GT with Radeon Graphics        , 12 cores, 15G,  Windows 11 , 64 bit Build 26100 (10.0.26100.7019)
Time: Sat Nov 15 00:28:20 2025 Hora estándar de Argentina elapsed time: 20.084993 seconds (0d 0h 0m 20s)

---------------  T H R E A D  ---------------

Current thread (0x00000294d488acd0):  JavaThread "restartedMain"        [_thread_in_Java, id=21952, stack(0x000000d75dd00000,0x000000d75de00000) (1024K)]

Stack: [0x000000d75dd00000,0x000000d75de00000],  sp=0x000000d75ddfd1b8,  free space=1012k
Native frames: (J=compiled Java code, j=interpreted, Vv=VM code, C=native code)
C  0x0000029483901050

The last pc belongs to _linkToSpecial (printed below).

siginfo: EXCEPTION_ACCESS_VIOLATION (0xc0000005), reading address 0xffffffffffffffff


Registers:
RAX=0x00000294838d9086, RBX=0xe0ac6fdc00000000, RCX=0x000000d75ddfd1c0, RDX=0x0000000000000002
RSP=0x000000d75ddfd1b8, RBP=0x000000d75ddfd208, RSI=0x00000294d6a21268, RDI=0x00000294d6cca100
R8 =0x0000000000000004, R9 =0x0000000000000004, R10=0x00007fff7adfe040, R11=0x000002948f0b5bd0
R12=0x0000000000000000, R13=0x000000d75ddfd1b8, R14=0x000000d75ddfd228, R15=0x00000294d488acd0
RIP=0x0000029483901050, EFLAGS=0x0000000000010202

XMM[0]=0x0000000000000000 0x0000000000000000
XMM[1]=0x0000000000000000 0x0000000000000000
XMM[2]=0x0000000000000000 0x0000000000000000
XMM[3]=0x0000000000000000 0x0000000000000000
XMM[4]=0x0000000000000000 0x0000000000000000
XMM[5]=0x0000000000000000 0x0000000000000000
XMM[6]=0x0000000000000000 0x0000000000000000
XMM[7]=0x0000000000000000 0x0000000000000000
XMM[8]=0x0000000000000000 0x0000000000000000
XMM[9]=0x0000000000000000 0x0000000000000000
XMM[10]=0x0000000000000000 0x0000000000000000
XMM[11]=0x0000000000000000 0x0000000000000000
XMM[12]=0x0000000000000000 0x0000000000000000
XMM[13]=0x0000000000000000 0x0000000000000000
XMM[14]=0x0000000000000000 0x0000000000000000
XMM[15]=0x0000000000000000 0x0000000000000000
  MXCSR=0x00001fa0


Register to memory mapping:

RAX=0x00000294838d9086 is at code_begin+3078 in an Interpreter codelet
return entry points  [0x00000294838d8480, 0x00000294838da298]  7704 bytes
RBX=0xe0ac6fdc00000000 is an unknown value
RCX=0x000000d75ddfd1c0 is pointing into the stack for thread: 0x00000294d488acd0
RDX=0x0000000000000002 is an unknown value
RSP=0x000000d75ddfd1b8 is pointing into the stack for thread: 0x00000294d488acd0
RBP=0x000000d75ddfd208 is pointing into the stack for thread: 0x00000294d488acd0
RSI=0x00000294d6a21268 points into unknown readable memory: 0x800008023fddb1db | db b1 dd 3f 02 08 00 80
RDI=0x00000294d6cca100 points into unknown readable memory: 0x0000001800000070 | 70 00 00 00 18 00 00 00
R8 =0x0000000000000004 is an unknown value
R9 =0x0000000000000004 is an unknown value
R10=0x00007fff7adfe040 jvm.dll
R11={method} {0x000002948f0b5bd8} 'newInvokeSpecial' '(Ljava/lang/Object;)Ljava/lang/Object;' in 'java/lang/invoke/DirectMethodHandle$Holder'
R12=0x0 is null
R13=0x000000d75ddfd1b8 is pointing into the stack for thread: 0x00000294d488acd0
R14=0x000000d75ddfd228 is pointing into the stack for thread: 0x00000294d488acd0
R15=0x00000294d488acd0 is a thread

Top of Stack: (sp=0x000000d75ddfd1b8)
0x000000d75ddfd1b8:   00000294838d9086 000000d75ddfd1c0
0x000000d75ddfd1c8:   000002948f72b567 0000000000000004
0x000000d75ddfd1d8:   000002948f0b1088 0000000702d02e90
0x000000d75ddfd1e8:   000000070223ac40 000002948f0b5bd0
0x000000d75ddfd1f8:   000000d75ddfd1b8 000000d75ddfd230
0x000000d75ddfd208:   000000d75ddfd598 0000029483c7a3cb
0x000000d75ddfd218:   0000000705637de8 0000000705637e90
0x000000d75ddfd228:   0000000705637e48 0000000705637ba8
0x000000d75ddfd238:   0000000000000000 000000d75ddfd598
0x000000d75ddfd248:   000002948426808c 0000029484134960
0x000000d75ddfd258:   0000029484134c08 0000029484134c78
0x000000d75ddfd268:   0000000000000000 0000000000000000
0x000000d75ddfd278:   0000000000000000 0000000000000000
0x000000d75ddfd288:   0000000000000000 0000000000000000
0x000000d75ddfd298:   0000000000000000 0000000000000000
0x000000d75ddfd2a8:   0000000702239830 0000000702d02e90
0x000000d75ddfd2b8:   0000000705637a70 0000000705637a70
0x000000d75ddfd2c8:   0000000705637ba8 0000000705637e78
0x000000d75ddfd2d8:   0000000705637c00 0000000702d02e90
0x000000d75ddfd2e8:   0000000000000001 000000d75ddfd598
0x000000d75ddfd2f8:   0000029400000000 0000000000000000
0x000000d75ddfd308:   0000000000000000 0000000705637e48
0x000000d75ddfd318:   0000029483c6eddc 0000000000000000
0x000000d75ddfd328:   0000000000000000 0000000000000000
0x000000d75ddfd338:   0000000000000000 00000294d488acd0
0x000000d75ddfd348:   0000000000000000 0000000705637ba8
0x000000d75ddfd358:   0000000000000000 0000000705637a70
0x000000d75ddfd368:   0000000705637e78 0000000705637ba8
0x000000d75ddfd378:   0000000000000000 000000d75ddfd500
0x000000d75ddfd388:   0000029483c798ec 000000d75ddfd598
0x000000d75ddfd398:   0000029483c6adea 0000000000000000
0x000000d75ddfd3a8:   0000029483b7d8a9 00000294d488acd0 

Instructions: (pc=0x0000029483901050)
0x0000029483900f50:   bf d8 05 00 00 00 74 03 ff 63 38 ff 63 50 e9 9d
0x0000029483900f60:   16 00 00 66 66 66 0f 1f 84 00 00 00 00 00 66 0f
0x0000029483900f70:   1f 84 00 00 00 00 00 66 0f 1f 84 00 00 00 00 00
0x0000029483900f80:   48 8b 53 08 0f b7 52 2e 48 8b 0c d4 58 5b 50 44
0x0000029483900f90:   8b 51 08 49 bb 00 00 00 8f 94 02 00 00 4d 03 d3
0x0000029483900fa0:   4c 8b 5b 10 4b 8b 9c da c0 01 00 00 48 85 db 0f
0x0000029483900fb0:   84 10 00 00 00 41 80 bf d8 05 00 00 00 74 03 ff
0x0000029483900fc0:   63 38 ff 63 50 e9 36 16 00 00 66 66 66 0f 1f 84
0x0000029483900fd0:   00 00 00 00 00 66 66 66 0f 1f 84 00 00 00 00 00
0x0000029483900fe0:   58 5b 50 8b 5b 24 48 c1 e3 03 48 8b 5b 10 48 85
0x0000029483900ff0:   db 0f 84 10 00 00 00 41 80 bf d8 05 00 00 00 74
0x0000029483901000:   03 ff 63 38 ff 63 50 e9 f4 15 00 00 66 66 0f 1f
0x0000029483901010:   84 00 00 00 00 00 66 66 0f 1f 84 00 00 00 00 00
0x0000029483901020:   48 8b 53 08 0f b7 52 2e 48 8b 0c d4 58 5b 50 48
0x0000029483901030:   3b 01 8b 5b 24 48 c1 e3 03 48 8b 5b 10 48 85 db
0x0000029483901040:   0f 84 10 00 00 00 41 80 bf d8 05 00 00 00 74 03
0x0000029483901050:   ff 63 38 ff 63 50 e9 a5 15 00 00 0f 1f 44 00 00
0x0000029483901060:   48 8b 53 08 0f b7 52 2e 48 8b 0c d4 58 5b 50 44
0x0000029483901070:   8b 51 08 49 bb 00 00 00 8f 94 02 00 00 4d 03 d3
0x0000029483901080:   8b 43 18 48 c1 e0 03 48 8b 40 10 48 8b 5b 10 45
0x0000029483901090:   8b 9a a0 00 00 00 4f 8d 9c da c0 01 00 00 4d 8d
0x00000294839010a0:   14 da 49 8b 1b 48 3b c3 74 15 48 85 db 0f 84 32
0x00000294839010b0:   00 00 00 49 83 c3 10 49 8b 1b 48 3b c3 75 eb 45
0x00000294839010c0:   8b 5b 08 4b 8b 1c 1a 48 85 db 0f 84 10 00 00 00
0x00000294839010d0:   41 80 bf d8 05 00 00 00 74 03 ff 63 38 ff 63 50
0x00000294839010e0:   e9 1b 15 00 00 e9 16 12 00 00 f4 00 00 00 00 00
0x00000294839010f0:   00 00 00 00 00 00 00 00 00 00 00 00 00 00 00 00
0x0000029483901100:   00 00 00 00 00 00 00 00 00 00 00 00 00 00 00 00
0x0000029483901110:   00 00 00 00 00 00 00 00 00 00 00 00 00 00 00 00
0x0000029483901120:   00 00 00 00 00 00 00 00 00 00 00 00 00 00 00 00
0x0000029483901130:   00 00 00 00 00 00 00 00 00 00 00 00 00 00 00 00
0x0000029483901140:   00 00 00 00 00 00 00 00 00 00 00 00 00 00 00 00 


Stack slot to memory mapping:

stack at sp + 0 slots: 0x00000294838d9086 is at code_begin+3078 in an Interpreter codelet
return entry points  [0x00000294838d8480, 0x00000294838da298]  7704 bytes
stack at sp + 1 slots: 0x000000d75ddfd1c0 is pointing into the stack for thread: 0x00000294d488acd0
stack at sp + 2 slots: 0x000002948f72b567 is pointing into metadata
stack at sp + 3 slots: 0x0000000000000004 is an unknown value
stack at sp + 4 slots: 0x000002948f0b1088 is pointing into metadata
stack at sp + 5 slots: 0x0000000702d02e90 is an oop: java.lang.Class 
{0x0000000702d02e90} - klass: 'java/lang/Class'
 - ---- fields (total size 15 words):
 - private volatile transient 'classRedefinedCount' 'I' @12  1 (0x00000001)
 - injected 'klass' 'J' @16  2837097387256 (0x00000294902e94f8)
 - injected 'array_klass' 'J' @24  0 (0x0000000000000000)
 - injected 'oop_size' 'I' @32  15 (0x0000000f)
 - injected 'static_oop_field_count' 'I' @36  1 (0x00000001)
 - private volatile transient 'cachedConstructor' 'Ljava/lang/reflect/Constructor;' @40  null (0x00000000)
 - private transient 'name' 'Ljava/lang/String;' @44  "com.java.tp_principal_backend.services.impl.InsumosServicesImpl"{0x0000000702d03a28} (0xe05a0745)
 - private transient 'module' 'Ljava/lang/Module;' @48  a 'java/lang/Module'{0x0000000702808e20} (0xe05011c4)
 - private final 'classLoader' 'Ljava/lang/ClassLoader;' @52  a 'org/springframework/boot/devtools/restart/classloader/RestartClassLoader'{0x0000000702803378} (0xe050066f)
 - private transient 'classData' 'Ljava/lang/Object;' @56  null (0x00000000)
 - private transient 'packageName' 'Ljava/lang/String;' @60  "com.java.tp_principal_backend.services.impl"{0x0000000702d03310} (0xe05a0662)
 - private final 'componentType' 'Ljava/lang/Class;' @64  null (0x00000000)
 - private volatile transient 'reflectionData' 'Ljava/lang/ref/SoftReference;' @68  a 'java/lang/ref/SoftReference'{0x0000000702d03a90} (0xe05a0752)
 - private volatile transient 'genericInfo' 'Lsun/reflect/generics/repository/ClassRepository;' @72  null (0x00000000)
 - private volatile transient 'enumConstants' '[Ljava/lang/Object;' @76  null (0x00000000)
 - private volatile transient 'enumConstantDirectory' 'Ljava/util/Map;' @80  null (0x00000000)
 - private volatile transient 'annotationData' 'Ljava/lang/Class$AnnotationData;' @84  a 'java/lang/Class$AnnotationData'{0x0000000702d03b10} (0xe05a0762)
 - private volatile transient 'annotationType' 'Lsun/reflect/annotation/AnnotationType;' @88  null (0x00000000)
 - transient 'classValueMap' 'Ljava/lang/ClassValue$ClassValueMap;' @92  null (0x00000000)
 - injected 'protection_domain' 'Ljava/lang/Object;' @96  a 'java/security/ProtectionDomain'{0x00000007028626c8} (0xe050c4d9)
 - injected 'signers_name' 'Ljava/lang/Object;' @100  null (0x00000000)
 - injected 'source_file' 'Ljava/lang/Object;' @104  null (0x00000000)
 - injected '<init_lock>' 'Ljava/lang/Object;' @108  null (0x00000000)
 - signature: Lcom/java/tp_principal_backend/services/impl/InsumosServicesImpl;
 - ---- static fields (1):
 - private static final 'log' 'Lorg/slf4j/Logger;' @112  null (0x00000000)
stack at sp + 6 slots: 0x000000070223ac40 is an oop: java.lang.Class 
{0x000000070223ac40} - klass: 'java/lang/Class'
 - ---- fields (total size 14 words):
 - private volatile transient 'classRedefinedCount' 'I' @12  0 (0x00000000)
 - injected 'klass' 'J' @16  2837078281312 (0x000002948f0b0c60)
 - injected 'array_klass' 'J' @24  0 (0x0000000000000000)
 - injected 'oop_size' 'I' @32  14 (0x0000000e)
 - injected 'static_oop_field_count' 'I' @36  0 (0x00000000)
 - private volatile transient 'cachedConstructor' 'Ljava/lang/reflect/Constructor;' @40  null (0x00000000)
 - private transient 'name' 'Ljava/lang/String;' @44  null (0x00000000)
 - private transient 'module' 'Ljava/lang/Module;' @48  a 'java/lang/Module'{0x000000070222e460} (0xe0445c8c)
 - private final 'classLoader' 'Ljava/lang/ClassLoader;' @52  null (0x00000000)
 - private transient 'classData' 'Ljava/lang/Object;' @56  null (0x00000000)
 - private transient 'packageName' 'Ljava/lang/String;' @60  null (0x00000000)
 - private final 'componentType' 'Ljava/lang/Class;' @64  null (0x00000000)
 - private volatile transient 'reflectionData' 'Ljava/lang/ref/SoftReference;' @68  null (0x00000000)
 - private volatile transient 'genericInfo' 'Lsun/reflect/generics/repository/ClassRepository;' @72  null (0x00000000)
 - private volatile transient 'enumConstants' '[Ljava/lang/Object;' @76  null (0x00000000)
 - private volatile transient 'enumConstantDirectory' 'Ljava/util/Map;' @80  null (0x00000000)
 - private volatile transient 'annotationData' 'Ljava/lang/Class$AnnotationData;' @84  null (0x00000000)
 - private volatile transient 'annotationType' 'Lsun/reflect/annotation/AnnotationType;' @88  null (0x00000000)
 - transient 'classValueMap' 'Ljava/lang/ClassValue$ClassValueMap;' @92  null (0x00000000)
 - injected 'protection_domain' 'Ljava/lang/Object;' @96  null (0x00000000)
 - injected 'signers_name' 'Ljava/lang/Object;' @100  null (0x00000000)
 - injected 'source_file' 'Ljava/lang/Object;' @104  null (0x00000000)
 - injected '<init_lock>' 'Ljava/lang/Object;' @108  null (0x00000000)
 - signature: Ljava/lang/invoke/DirectMethodHandle$Holder;
 - ---- static fields (0):
stack at sp + 7 slots: {method} {0x000002948f0b5bd8} 'newInvokeSpecial' '(Ljava/lang/Object;)Ljava/lang/Object;' in 'java/lang/invoke/DirectMethodHandle$Holder'

MethodHandle::interpreter_entry::_linkToSpecial [0x000002948390100c, 0x000002948390105b] (79 bytes)
[MachCode]
  0x000002948390100c: 6666 0f1f | 8400 0000 | 0000 6666 | 0f1f 8400 | 0000 0000 | 488b 5308 | 0fb7 522e | 488b 0cd4 
  0x000002948390102c: 585b 5048 | 3b01 8b5b | 2448 c1e3 | 0348 8b5b | 1048 85db | 0f84 1000 | 0000 4180 | bfd8 0500 
  0x000002948390104c: 0000 7403 | ff63 38ff | 6350 e9a5 | 
[/MachCode]

---------------  P R O C E S S  ---------------

Threads class SMR info:
_java_thread_list=0x00000294d6d71ac0, length=27, elements={
0x00000294fd7506c0, 0x000002948e53e7b0, 0x000002948e53f980, 0x000002948e543fd0,
0x000002948e546a40, 0x000002948e5547a0, 0x000002948e554e00, 0x000002948e55b620,
0x000002948e5f8a00, 0x000002948e6df540, 0x000002948e6e1ff0, 0x000002948e6e4790,
0x00000294d4195ba0, 0x00000294d436a580, 0x00000294d4388330, 0x00000294d43d47b0,
0x00000294d43d2100, 0x00000294d43ce4c0, 0x00000294d43ef5e0, 0x00000294d440b310,
0x00000294d4889fb0, 0x00000294d488acd0, 0x00000294d4887ee0, 0x00000294d4888570,
0x00000294d4888c00, 0x00000294d4889290, 0x00000294d488a640
}

Java Threads: ( => current thread )
  0x00000294fd7506c0 JavaThread "main"                              [_thread_blocked, id=9776, stack(0x000000d75b500000,0x000000d75b600000) (1024K)]
  0x000002948e53e7b0 JavaThread "Reference Handler"          daemon [_thread_blocked, id=12632, stack(0x000000d75bd00000,0x000000d75be00000) (1024K)]
  0x000002948e53f980 JavaThread "Finalizer"                  daemon [_thread_blocked, id=7328, stack(0x000000d75be00000,0x000000d75bf00000) (1024K)]
  0x000002948e543fd0 JavaThread "Signal Dispatcher"          daemon [_thread_blocked, id=11888, stack(0x000000d75bf00000,0x000000d75c000000) (1024K)]
  0x000002948e546a40 JavaThread "Attach Listener"            daemon [_thread_blocked, id=9084, stack(0x000000d75c000000,0x000000d75c100000) (1024K)]
  0x000002948e5547a0 JavaThread "Service Thread"             daemon [_thread_blocked, id=17648, stack(0x000000d75c100000,0x000000d75c200000) (1024K)]
  0x000002948e554e00 JavaThread "Monitor Deflation Thread"   daemon [_thread_blocked, id=9604, stack(0x000000d75c200000,0x000000d75c300000) (1024K)]
  0x000002948e55b620 JavaThread "C1 CompilerThread0"         daemon [_thread_blocked, id=8212, stack(0x000000d75c300000,0x000000d75c400000) (1024K)]
  0x000002948e5f8a00 JavaThread "Common-Cleaner"             daemon [_thread_blocked, id=1920, stack(0x000000d75c400000,0x000000d75c500000) (1024K)]
  0x000002948e6df540 JavaThread "JDWP Transport Listener: dt_socket" daemon [_thread_blocked, id=16616, stack(0x000000d75c700000,0x000000d75c800000) (1024K)]
  0x000002948e6e1ff0 JavaThread "JDWP Event Helper Thread"   daemon [_thread_blocked, id=3668, stack(0x000000d75c800000,0x000000d75c900000) (1024K)]
  0x000002948e6e4790 JavaThread "JDWP Command Reader"        daemon [_thread_blocked, id=18248, stack(0x000000d75c900000,0x000000d75ca00000) (1024K)]
  0x00000294d4195ba0 JavaThread "Notification Thread"        daemon [_thread_blocked, id=20808, stack(0x000000d75ca00000,0x000000d75cb00000) (1024K)]
  0x00000294d436a580 JavaThread "RMI TCP Accept-0"           daemon [_thread_in_native, id=5052, stack(0x000000d75cc00000,0x000000d75cd00000) (1024K)]
  0x00000294d4388330 JavaThread "RMI TCP Accept-50814"       daemon [_thread_in_native, id=18784, stack(0x000000d75d500000,0x000000d75d600000) (1024K)]
  0x00000294d43d47b0 JavaThread "RMI TCP Connection(1)-127.0.0.1" daemon [_thread_in_native, id=11008, stack(0x000000d75d600000,0x000000d75d700000) (1024K)]
  0x00000294d43d2100 JavaThread "RMI Scheduler(0)"           daemon [_thread_blocked, id=10884, stack(0x000000d75d700000,0x000000d75d800000) (1024K)]
  0x00000294d43ce4c0 JavaThread "RMI TCP Connection(2)-127.0.0.1" daemon [_thread_in_native, id=22072, stack(0x000000d75d800000,0x000000d75d900000) (1024K)]
  0x00000294d43ef5e0 JavaThread "RMI TCP Accept-0"           daemon [_thread_in_native, id=19840, stack(0x000000d75d900000,0x000000d75da00000) (1024K)]
  0x00000294d440b310 JavaThread "JMX server connection timeout 38" daemon [_thread_blocked, id=10092, stack(0x000000d75da00000,0x000000d75db00000) (1024K)]
  0x00000294d4889fb0 JavaThread "Thread-0"                          [_thread_blocked, id=6100, stack(0x000000d75dc00000,0x000000d75dd00000) (1024K)]
=>0x00000294d488acd0 JavaThread "restartedMain"                     [_thread_in_Java, id=21952, stack(0x000000d75dd00000,0x000000d75de00000) (1024K)]
  0x00000294d4887ee0 JavaThread "Catalina-utility-1"                [_thread_blocked, id=3020, stack(0x000000d75de00000,0x000000d75df00000) (1024K)]
  0x00000294d4888570 JavaThread "Catalina-utility-2"                [_thread_blocked, id=5944, stack(0x000000d75e100000,0x000000d75e200000) (1024K)]
  0x00000294d4888c00 JavaThread "container-0"                       [_thread_blocked, id=18220, stack(0x000000d75e200000,0x000000d75e300000) (1024K)]
  0x00000294d4889290 JavaThread "mysql-cj-abandoned-connection-cleanup" daemon [_thread_blocked, id=7960, stack(0x000000d75e300000,0x000000d75e400000) (1024K)]
  0x00000294d488a640 JavaThread "HikariPool-1 housekeeper"   daemon [_thread_blocked, id=22124, stack(0x000000d75e500000,0x000000d75e600000) (1024K)]
Total: 27

Other Threads:
  0x000002948e522a40 VMThread "VM Thread"                           [id=14208, stack(0x000000d75bc00000,0x000000d75bd00000) (1024K)] _threads_hazard_ptr=0x00000294d6d71ac0
  0x000002948e50f630 WatcherThread "VM Periodic Task Thread"        [id=11512, stack(0x000000d75bb00000,0x000000d75bc00000) (1024K)]
  0x00000294ffc21db0 WorkerThread "GC Thread#0"                     [id=13848, stack(0x000000d75b600000,0x000000d75b700000) (1024K)]
  0x00000294d437e080 WorkerThread "GC Thread#1"                     [id=3884, stack(0x000000d75cd00000,0x000000d75ce00000) (1024K)]
  0x00000294d437e420 WorkerThread "GC Thread#2"                     [id=15876, stack(0x000000d75ce00000,0x000000d75cf00000) (1024K)]
  0x00000294d437e7c0 WorkerThread "GC Thread#3"                     [id=6500, stack(0x000000d75cf00000,0x000000d75d000000) (1024K)]
  0x00000294d436b540 WorkerThread "GC Thread#4"                     [id=17240, stack(0x000000d75d000000,0x000000d75d100000) (1024K)]
  0x00000294d4386f80 WorkerThread "GC Thread#5"                     [id=3964, stack(0x000000d75d100000,0x000000d75d200000) (1024K)]
  0x00000294d43ad030 WorkerThread "GC Thread#6"                     [id=7264, stack(0x000000d75d200000,0x000000d75d300000) (1024K)]
  0x00000294d43ad3d0 WorkerThread "GC Thread#7"                     [id=7816, stack(0x000000d75d300000,0x000000d75d400000) (1024K)]
  0x00000294d43ae2a0 WorkerThread "GC Thread#8"                     [id=1284, stack(0x000000d75d400000,0x000000d75d500000) (1024K)]
  0x00000294d43adb60 WorkerThread "GC Thread#9"                     [id=1088, stack(0x000000d75db00000,0x000000d75dc00000) (1024K)]
  0x00000294ffc33920 ConcurrentGCThread "G1 Main Marker"            [id=1408, stack(0x000000d75b700000,0x000000d75b800000) (1024K)]
  0x00000294ffc34ad0 WorkerThread "G1 Conc#0"                       [id=1364, stack(0x000000d75b800000,0x000000d75b900000) (1024K)]
  0x00000294d43aed80 WorkerThread "G1 Conc#1"                       [id=20404, stack(0x000000d75df00000,0x000000d75e000000) (1024K)]
  0x00000294d43af120 WorkerThread "G1 Conc#2"                       [id=7828, stack(0x000000d75e000000,0x000000d75e100000) (1024K)]
  0x000002948e3e0d00 ConcurrentGCThread "G1 Refine#0"               [id=4584, stack(0x000000d75b900000,0x000000d75ba00000) (1024K)]
  0x000002948e3e1130 ConcurrentGCThread "G1 Service"                [id=1224, stack(0x000000d75ba00000,0x000000d75bb00000) (1024K)]
Total: 18

Threads with active compile tasks:
Total: 0

VM state: synchronizing (normal execution)

VM Mutex/Monitor currently owned by a thread:  ([mutex/lock_event])
[0x00007fff7adee380] Threads_lock - owner thread: 0x000002948e522a40

Heap address: 0x0000000702000000, size: 4064 MB, Compressed Oops mode: Zero based, Oop shift amount: 3

CDS archive(s) mapped at: [0x000002948f000000-0x000002948fc80000-0x000002948fc80000), size 13107200, SharedBaseAddress: 0x000002948f000000, ArchiveRelocationMode: 1.
Compressed class space mapped at: 0x0000029490000000-0x00000294d0000000, reserved size: 1073741824
Narrow klass base: 0x000002948f000000, Narrow klass shift: 0, Narrow klass range: 0x100000000

GC Precious Log:
 CardTable entry size: 512
 Card Set container configuration: InlinePtr #cards 4 size 8 Array Of Cards #cards 16 size 48 Howl #buckets 8 coarsen threshold 3686 Howl Bitmap #cards 512 size 80 coarsen threshold 460 Card regions per heap region 1 cards per card region 4096
 CPUs: 12 total, 12 available
 Memory: 16252M
 Large Page Support: Disabled
 NUMA Support: Disabled
 Compressed Oops: Enabled (Zero based)
 Heap Region Size: 2M
 Heap Min Capacity: 8M
 Heap Initial Capacity: 254M
 Heap Max Capacity: 4064M
 Pre-touch: Disabled
 Parallel Workers: 10
 Concurrent Workers: 3
 Concurrent Refinement Workers: 10
 Periodic GC: Disabled

Heap:
 garbage-first heap   total 83968K, used 55402K [0x0000000702000000, 0x0000000800000000)
  region size 2048K, 17 young (34816K), 3 survivors (6144K)
 Metaspace       used 66892K, committed 67584K, reserved 1114112K
  class space    used 9303K, committed 9600K, reserved 1048576K

Heap Regions: E=young(eden), S=young(survivor), O=old, HS=humongous(starts), HC=humongous(continues), CS=collection set, F=free, TAMS=top-at-mark-start, PB=parsable bottom
|   0|0x0000000702000000, 0x0000000702200000, 0x0000000702200000|100%| O|  |TAMS 0x0000000702000000| PB 0x0000000702000000| Untracked 
|   1|0x0000000702200000, 0x0000000702400000, 0x0000000702400000|100%| O|  |TAMS 0x0000000702200000| PB 0x0000000702200000| Untracked 
|   2|0x0000000702400000, 0x0000000702600000, 0x0000000702600000|100%| O|  |TAMS 0x0000000702400000| PB 0x0000000702400000| Untracked 
|   3|0x0000000702600000, 0x0000000702800000, 0x0000000702800000|100%| O|  |TAMS 0x0000000702600000| PB 0x0000000702600000| Untracked 
|   4|0x0000000702800000, 0x0000000702a00000, 0x0000000702a00000|100%| O|  |TAMS 0x0000000702800000| PB 0x0000000702800000| Untracked 
|   5|0x0000000702a00000, 0x0000000702c00000, 0x0000000702c00000|100%| O|  |TAMS 0x0000000702a00000| PB 0x0000000702a00000| Untracked 
|   6|0x0000000702c00000, 0x0000000702e00000, 0x0000000702e00000|100%| O|  |TAMS 0x0000000702c00000| PB 0x0000000702c00000| Untracked 
|   7|0x0000000702e00000, 0x0000000703000000, 0x0000000703000000|100%| O|  |TAMS 0x0000000702e00000| PB 0x0000000702e00000| Untracked 
|   8|0x0000000703000000, 0x0000000703200000, 0x0000000703200000|100%| O|  |TAMS 0x0000000703000000| PB 0x0000000703000000| Untracked 
|   9|0x0000000703200000, 0x0000000703200000, 0x0000000703400000|  0%| F|  |TAMS 0x0000000703200000| PB 0x0000000703200000| Untracked 
|  10|0x0000000703400000, 0x0000000703600000, 0x0000000703600000|100%| O|  |TAMS 0x0000000703400000| PB 0x0000000703400000| Untracked 
|  11|0x0000000703600000, 0x0000000703800000, 0x0000000703800000|100%| O|  |TAMS 0x0000000703600000| PB 0x0000000703600000| Untracked 
|  12|0x0000000703800000, 0x000000070399b288, 0x0000000703a00000| 80%| O|  |TAMS 0x0000000703800000| PB 0x0000000703800000| Untracked 
|  13|0x0000000703a00000, 0x0000000703a00000, 0x0000000703c00000|  0%| F|  |TAMS 0x0000000703a00000| PB 0x0000000703a00000| Untracked 
|  14|0x0000000703c00000, 0x0000000703c00000, 0x0000000703e00000|  0%| F|  |TAMS 0x0000000703c00000| PB 0x0000000703c00000| Untracked 
|  15|0x0000000703e00000, 0x0000000703e00000, 0x0000000704000000|  0%| F|  |TAMS 0x0000000703e00000| PB 0x0000000703e00000| Untracked 
|  16|0x0000000704000000, 0x000000070407f8b8, 0x0000000704200000| 24%| S|CS|TAMS 0x0000000704000000| PB 0x0000000704000000| Complete 
|  17|0x0000000704200000, 0x0000000704200000, 0x0000000704400000|  0%| F|  |TAMS 0x0000000704200000| PB 0x0000000704200000| Untracked 
|  18|0x0000000704400000, 0x0000000704400000, 0x0000000704600000|  0%| F|  |TAMS 0x0000000704400000| PB 0x0000000704400000| Untracked 
|  19|0x0000000704600000, 0x0000000704800000, 0x0000000704800000|100%| S|CS|TAMS 0x0000000704600000| PB 0x0000000704600000| Complete 
|  20|0x0000000704800000, 0x0000000704a00000, 0x0000000704a00000|100%| S|CS|TAMS 0x0000000704800000| PB 0x0000000704800000| Complete 
|  21|0x0000000704a00000, 0x0000000704a00000, 0x0000000704c00000|  0%| F|  |TAMS 0x0000000704a00000| PB 0x0000000704a00000| Untracked 
|  22|0x0000000704c00000, 0x0000000704c00000, 0x0000000704e00000|  0%| F|  |TAMS 0x0000000704c00000| PB 0x0000000704c00000| Untracked 
|  23|0x0000000704e00000, 0x0000000704e00000, 0x0000000705000000|  0%| F|  |TAMS 0x0000000704e00000| PB 0x0000000704e00000| Untracked 
|  24|0x0000000705000000, 0x0000000705000000, 0x0000000705200000|  0%| F|  |TAMS 0x0000000705000000| PB 0x0000000705000000| Untracked 
|  25|0x0000000705200000, 0x0000000705200000, 0x0000000705400000|  0%| F|  |TAMS 0x0000000705200000| PB 0x0000000705200000| Untracked 
|  26|0x0000000705400000, 0x0000000705400000, 0x0000000705600000|  0%| F|  |TAMS 0x0000000705400000| PB 0x0000000705400000| Untracked 
|  27|0x0000000705600000, 0x00000007057d0d40, 0x0000000705800000| 90%| E|  |TAMS 0x0000000705600000| PB 0x0000000705600000| Complete 
|  28|0x0000000705800000, 0x0000000705a00000, 0x0000000705a00000|100%| E|CS|TAMS 0x0000000705800000| PB 0x0000000705800000| Complete 
|  29|0x0000000705a00000, 0x0000000705c00000, 0x0000000705c00000|100%| E|CS|TAMS 0x0000000705a00000| PB 0x0000000705a00000| Complete 
|  30|0x0000000705c00000, 0x0000000705e00000, 0x0000000705e00000|100%| E|CS|TAMS 0x0000000705c00000| PB 0x0000000705c00000| Complete 
|  31|0x0000000705e00000, 0x0000000706000000, 0x0000000706000000|100%| E|CS|TAMS 0x0000000705e00000| PB 0x0000000705e00000| Complete 
|  32|0x0000000706000000, 0x0000000706200000, 0x0000000706200000|100%| E|CS|TAMS 0x0000000706000000| PB 0x0000000706000000| Complete 
|  33|0x0000000706200000, 0x0000000706400000, 0x0000000706400000|100%| E|CS|TAMS 0x0000000706200000| PB 0x0000000706200000| Complete 
|  34|0x0000000706400000, 0x0000000706600000, 0x0000000706600000|100%| E|CS|TAMS 0x0000000706400000| PB 0x0000000706400000| Complete 
|  35|0x0000000706600000, 0x0000000706800000, 0x0000000706800000|100%| E|CS|TAMS 0x0000000706600000| PB 0x0000000706600000| Complete 
|  36|0x0000000706800000, 0x0000000706a00000, 0x0000000706a00000|100%| E|CS|TAMS 0x0000000706800000| PB 0x0000000706800000| Complete 
|  37|0x0000000706a00000, 0x0000000706c00000, 0x0000000706c00000|100%| E|CS|TAMS 0x0000000706a00000| PB 0x0000000706a00000| Complete 
|  38|0x0000000706c00000, 0x0000000706e00000, 0x0000000706e00000|100%| E|CS|TAMS 0x0000000706c00000| PB 0x0000000706c00000| Complete 
|  39|0x0000000706e00000, 0x0000000707000000, 0x0000000707000000|100%| E|CS|TAMS 0x0000000706e00000| PB 0x0000000706e00000| Complete 
| 126|0x0000000711c00000, 0x0000000711e00000, 0x0000000711e00000|100%| E|CS|TAMS 0x0000000711c00000| PB 0x0000000711c00000| Complete 

Card table byte_map: [0x00000294870c0000,0x00000294878b0000] _byte_map_base: 0x00000294838b0000

Marking Bits: (CMBitMap*) 0x00000294ffc223c0
 Bits: [0x00000294878b0000, 0x000002948b830000)

Polling page: 0x00000294ff370000

Metaspace:

Usage:
  Non-class:     56.24 MB used.
      Class:      9.09 MB used.
       Both:     65.33 MB used.

Virtual space:
  Non-class space:       64.00 MB reserved,      56.62 MB ( 88%) committed,  1 nodes.
      Class space:        1.00 GB reserved,       9.38 MB ( <1%) committed,  1 nodes.
             Both:        1.06 GB reserved,      66.00 MB (  6%) committed. 

Chunk freelists:
   Non-Class:  7.25 MB
       Class:  6.59 MB
        Both:  13.84 MB

MaxMetaspaceSize: unlimited
CompressedClassSpaceSize: 1.00 GB
Initial GC threshold: 21.00 MB
Current GC threshold: 80.31 MB
CDS: on
 - commit_granule_bytes: 65536.
 - commit_granule_words: 8192.
 - virtual_space_node_default_size: 8388608.
 - enlarge_chunks_in_place: 1.
 - use_allocation_guard: 0.


Internal statistics:

num_allocs_failed_limit: 6.
num_arena_births: 932.
num_arena_deaths: 0.
num_vsnodes_births: 2.
num_vsnodes_deaths: 0.
num_space_committed: 1056.
num_space_uncommitted: 0.
num_chunks_returned_to_freelist: 6.
num_chunks_taken_from_freelist: 3186.
num_chunk_merges: 6.
num_chunk_splits: 2318.
num_chunks_enlarged: 1783.
num_inconsistent_stats: 0.

CodeCache: size=49152Kb used=12533Kb max_used=14117Kb free=36618Kb
 bounds [0x00000294838d0000, 0x00000294846a0000, 0x00000294868d0000]
 total_blobs=7403 nmethods=6675 adapters=651
 compilation: enabled
              stopped_count=0, restarted_count=0
 full_count=0

Compilation events (20 events):
Event: 15.640 Thread 0x000002948e55b620 6732       1       java.io.ObjectOutputStream::isCustomSubclass (21 bytes)
Event: 15.640 Thread 0x000002948e55b620 nmethod 6732 0x0000029483cf2990 code [0x0000029483cf2b20, 0x0000029483cf2c30]
Event: 15.640 Thread 0x000002948e55b620 6733       1       sun.nio.ch.IOStatus::okayToRetry (22 bytes)
Event: 15.640 Thread 0x000002948e55b620 nmethod 6733 0x0000029483cf2690 code [0x0000029483cf2820, 0x0000029483cf28f8]
Event: 16.188 Thread 0x000002948e55b620 6734       1       java.util.concurrent.locks.ReentrantReadWriteLock::readLock (5 bytes)
Event: 16.188 Thread 0x000002948e55b620 nmethod 6734 0x0000029483cf2390 code [0x0000029483cf2520, 0x0000029483cf25f0]
Event: 16.188 Thread 0x000002948e55b620 6735       1       sun.rmi.server.MarshalOutputStream::annotateClass (9 bytes)
Event: 16.188 Thread 0x000002948e55b620 nmethod 6735 0x0000029483cf1f90 code [0x0000029483cf2140, 0x0000029483cf2260]
Event: 16.188 Thread 0x000002948e55b620 6736       1       java.rmi.server.RMIClassLoader::getClassAnnotation (8 bytes)
Event: 16.188 Thread 0x000002948e55b620 nmethod 6736 0x0000029483cf1c90 code [0x0000029483cf1e40, 0x0000029483cf1f08]
Event: 16.188 Thread 0x000002948e55b620 6738   !   1       sun.rmi.server.LoaderHandler::getClassAnnotation (234 bytes)
Event: 16.189 Thread 0x000002948e55b620 nmethod 6738 0x0000029483cf0a10 code [0x0000029483cf0c80, 0x0000029483cf15a8]
Event: 16.189 Thread 0x000002948e55b620 6737       1       java.rmi.server.RMIClassLoader$2::getClassAnnotation (5 bytes)
Event: 16.189 Thread 0x000002948e55b620 nmethod 6737 0x0000029483cf0710 code [0x0000029483cf08c0, 0x0000029483cf09b0]
Event: 16.189 Thread 0x000002948e55b620 6739       1       sun.rmi.server.MarshalOutputStream::writeLocation (6 bytes)
Event: 16.189 Thread 0x000002948e55b620 nmethod 6739 0x0000029483cf0390 code [0x0000029483cf0540, 0x0000029483cf0638]
Event: 16.689 Thread 0x000002948e55b620 6740   !   1       java.io.BufferedOutputStream::flush (60 bytes)
Event: 16.690 Thread 0x000002948e55b620 nmethod 6740 0x0000029483cef690 code [0x0000029483cef900, 0x0000029483ceff10]
Event: 16.690 Thread 0x000002948e55b620 6741       1       java.io.BufferedOutputStream::implFlush (12 bytes)
Event: 16.690 Thread 0x000002948e55b620 nmethod 6741 0x0000029483cef290 code [0x0000029483cef440, 0x0000029483cef598]

GC Heap History (20 events):
Event: 2.281 GC heap before
{Heap before GC invocations=10 (full 0):
 garbage-first heap   total 69632K, used 56197K [0x0000000702000000, 0x0000000800000000)
  region size 2048K, 20 young (40960K), 1 survivors (2048K)
 Metaspace       used 34852K, committed 35520K, reserved 1114112K
  class space    used 4604K, committed 4928K, reserved 1048576K
}
Event: 2.283 GC heap after
{Heap after GC invocations=11 (full 0):
 garbage-first heap   total 69632K, used 20026K [0x0000000702000000, 0x0000000800000000)
  region size 2048K, 1 young (2048K), 1 survivors (2048K)
 Metaspace       used 34852K, committed 35520K, reserved 1114112K
  class space    used 4604K, committed 4928K, reserved 1048576K
}
Event: 2.482 GC heap before
{Heap before GC invocations=11 (full 0):
 garbage-first heap   total 69632K, used 58938K [0x0000000702000000, 0x0000000800000000)
  region size 2048K, 20 young (40960K), 1 survivors (2048K)
 Metaspace       used 38400K, committed 39040K, reserved 1114112K
  class space    used 5155K, committed 5440K, reserved 1048576K
}
Event: 2.484 GC heap after
{Heap after GC invocations=12 (full 0):
 garbage-first heap   total 69632K, used 21143K [0x0000000702000000, 0x0000000800000000)
  region size 2048K, 2 young (4096K), 2 survivors (4096K)
 Metaspace       used 38400K, committed 39040K, reserved 1114112K
  class space    used 5155K, committed 5440K, reserved 1048576K
}
Event: 2.750 GC heap before
{Heap before GC invocations=12 (full 0):
 garbage-first heap   total 69632K, used 55959K [0x0000000702000000, 0x0000000800000000)
  region size 2048K, 20 young (40960K), 2 survivors (4096K)
 Metaspace       used 44867K, committed 45504K, reserved 1114112K
  class space    used 5920K, committed 6208K, reserved 1048576K
}
Event: 2.752 GC heap after
{Heap after GC invocations=13 (full 0):
 garbage-first heap   total 69632K, used 22496K [0x0000000702000000, 0x0000000800000000)
  region size 2048K, 3 young (6144K), 3 survivors (6144K)
 Metaspace       used 44867K, committed 45504K, reserved 1114112K
  class space    used 5920K, committed 6208K, reserved 1048576K
}
Event: 2.931 GC heap before
{Heap before GC invocations=13 (full 0):
 garbage-first heap   total 69632K, used 53216K [0x0000000702000000, 0x0000000800000000)
  region size 2048K, 19 young (38912K), 3 survivors (6144K)
 Metaspace       used 47520K, committed 48128K, reserved 1114112K
  class space    used 6298K, committed 6592K, reserved 1048576K
}
Event: 2.934 GC heap after
{Heap after GC invocations=14 (full 0):
 garbage-first heap   total 69632K, used 23822K [0x0000000702000000, 0x0000000800000000)
  region size 2048K, 3 young (6144K), 3 survivors (6144K)
 Metaspace       used 47520K, committed 48128K, reserved 1114112K
  class space    used 6298K, committed 6592K, reserved 1048576K
}
Event: 2.981 GC heap before
{Heap before GC invocations=14 (full 0):
 garbage-first heap   total 69632K, used 32014K [0x0000000702000000, 0x0000000800000000)
  region size 2048K, 9 young (18432K), 3 survivors (6144K)
 Metaspace       used 48492K, committed 49088K, reserved 1114112K
  class space    used 6403K, committed 6720K, reserved 1048576K
}
Event: 2.983 GC heap after
{Heap after GC invocations=15 (full 0):
 garbage-first heap   total 69632K, used 24268K [0x0000000702000000, 0x0000000800000000)
  region size 2048K, 2 young (4096K), 2 survivors (4096K)
 Metaspace       used 48492K, committed 49088K, reserved 1114112K
  class space    used 6403K, committed 6720K, reserved 1048576K
}
Event: 3.125 GC heap before
{Heap before GC invocations=16 (full 0):
 garbage-first heap   total 69632K, used 54988K [0x0000000702000000, 0x0000000800000000)
  region size 2048K, 18 young (36864K), 2 survivors (4096K)
 Metaspace       used 51841K, committed 52480K, reserved 1114112K
  class space    used 6937K, committed 7232K, reserved 1048576K
}
Event: 3.128 GC heap after
{Heap after GC invocations=17 (full 0):
 garbage-first heap   total 83968K, used 26095K [0x0000000702000000, 0x0000000800000000)
  region size 2048K, 3 young (6144K), 3 survivors (6144K)
 Metaspace       used 51841K, committed 52480K, reserved 1114112K
  class space    used 6937K, committed 7232K, reserved 1048576K
}
Event: 3.380 GC heap before
{Heap before GC invocations=17 (full 0):
 garbage-first heap   total 83968K, used 69103K [0x0000000702000000, 0x0000000800000000)
  region size 2048K, 24 young (49152K), 3 survivors (6144K)
 Metaspace       used 55529K, committed 56192K, reserved 1114112K
  class space    used 7556K, committed 7872K, reserved 1048576K
}
Event: 3.382 GC heap after
{Heap after GC invocations=18 (full 0):
 garbage-first heap   total 83968K, used 24462K [0x0000000702000000, 0x0000000800000000)
  region size 2048K, 1 young (2048K), 1 survivors (2048K)
 Metaspace       used 55529K, committed 56192K, reserved 1114112K
  class space    used 7556K, committed 7872K, reserved 1048576K
}
Event: 3.670 GC heap before
{Heap before GC invocations=18 (full 0):
 garbage-first heap   total 83968K, used 71566K [0x0000000702000000, 0x0000000800000000)
  region size 2048K, 24 young (49152K), 1 survivors (2048K)
 Metaspace       used 59402K, committed 60096K, reserved 1114112K
  class space    used 8080K, committed 8384K, reserved 1048576K
}
Event: 3.672 GC heap after
{Heap after GC invocations=19 (full 0):
 garbage-first heap   total 83968K, used 25938K [0x0000000702000000, 0x0000000800000000)
  region size 2048K, 2 young (4096K), 2 survivors (4096K)
 Metaspace       used 59402K, committed 60096K, reserved 1114112K
  class space    used 8080K, committed 8384K, reserved 1048576K
}
Event: 3.874 GC heap before
{Heap before GC invocations=19 (full 0):
 garbage-first heap   total 83968K, used 68946K [0x0000000702000000, 0x0000000800000000)
  region size 2048K, 24 young (49152K), 2 survivors (4096K)
 Metaspace       used 62404K, committed 63168K, reserved 1114112K
  class space    used 8497K, committed 8832K, reserved 1048576K
}
Event: 3.876 GC heap after
{Heap after GC invocations=20 (full 0):
 garbage-first heap   total 83968K, used 27380K [0x0000000702000000, 0x0000000800000000)
  region size 2048K, 3 young (6144K), 3 survivors (6144K)
 Metaspace       used 62404K, committed 63168K, reserved 1114112K
  class space    used 8497K, committed 8832K, reserved 1048576K
}
Event: 4.062 GC heap before
{Heap before GC invocations=20 (full 0):
 garbage-first heap   total 83968K, used 68340K [0x0000000702000000, 0x0000000800000000)
  region size 2048K, 23 young (47104K), 3 survivors (6144K)
 Metaspace       used 64999K, committed 65728K, reserved 1114112K
  class space    used 8989K, committed 9280K, reserved 1048576K
}
Event: 4.065 GC heap after
{Heap after GC invocations=21 (full 0):
 garbage-first heap   total 83968K, used 28778K [0x0000000702000000, 0x0000000800000000)
  region size 2048K, 3 young (6144K), 3 survivors (6144K)
 Metaspace       used 64999K, committed 65728K, reserved 1114112K
  class space    used 8989K, committed 9280K, reserved 1048576K
}

Dll operation events (12 events):
Event: 0.007 Loaded shared library C:\Program Files\sts-4.28.1.RELEASE\plugins\org.eclipse.justj.openjdk.hotspot.jre.full.win32.x86_64_21.0.6.v20250130-0529\jre\bin\java.dll
Event: 0.026 Loaded shared library C:\Program Files\sts-4.28.1.RELEASE\plugins\org.eclipse.justj.openjdk.hotspot.jre.full.win32.x86_64_21.0.6.v20250130-0529\jre\bin\zip.dll
Event: 0.204 Loaded shared library C:\Program Files\sts-4.28.1.RELEASE\plugins\org.eclipse.justj.openjdk.hotspot.jre.full.win32.x86_64_21.0.6.v20250130-0529\jre\bin\instrument.dll
Event: 0.207 Loaded shared library C:\Program Files\sts-4.28.1.RELEASE\plugins\org.eclipse.justj.openjdk.hotspot.jre.full.win32.x86_64_21.0.6.v20250130-0529\jre\bin\net.dll
Event: 0.208 Loaded shared library C:\Program Files\sts-4.28.1.RELEASE\plugins\org.eclipse.justj.openjdk.hotspot.jre.full.win32.x86_64_21.0.6.v20250130-0529\jre\bin\nio.dll
Event: 0.210 Loaded shared library C:\Program Files\sts-4.28.1.RELEASE\plugins\org.eclipse.justj.openjdk.hotspot.jre.full.win32.x86_64_21.0.6.v20250130-0529\jre\bin\zip.dll
Event: 0.296 Loaded shared library C:\Program Files\sts-4.28.1.RELEASE\plugins\org.eclipse.justj.openjdk.hotspot.jre.full.win32.x86_64_21.0.6.v20250130-0529\jre\bin\jimage.dll
Event: 0.327 Loaded shared library C:\Program Files\sts-4.28.1.RELEASE\plugins\org.eclipse.justj.openjdk.hotspot.jre.full.win32.x86_64_21.0.6.v20250130-0529\jre\bin\management.dll
Event: 0.334 Loaded shared library C:\Program Files\sts-4.28.1.RELEASE\plugins\org.eclipse.justj.openjdk.hotspot.jre.full.win32.x86_64_21.0.6.v20250130-0529\jre\bin\management_ext.dll
Event: 0.462 Loaded shared library C:\Program Files\sts-4.28.1.RELEASE\plugins\org.eclipse.justj.openjdk.hotspot.jre.full.win32.x86_64_21.0.6.v20250130-0529\jre\bin\extnet.dll
Event: 0.481 Loaded shared library C:\Program Files\sts-4.28.1.RELEASE\plugins\org.eclipse.justj.openjdk.hotspot.jre.full.win32.x86_64_21.0.6.v20250130-0529\jre\bin\verify.dll
Event: 1.136 Loaded shared library C:\Program Files\sts-4.28.1.RELEASE\plugins\org.eclipse.justj.openjdk.hotspot.jre.full.win32.x86_64_21.0.6.v20250130-0529\jre\bin\sunmscapi.dll

Deoptimization events (20 events):
Event: 17.762 Thread 0x00000294d43ce4c0 DEOPT PACKING pc=0x0000029484331f74 sp=0x000000d75d8fec80
Event: 17.762 Thread 0x00000294d43ce4c0 DEOPT UNPACKING pc=0x0000029483924e42 sp=0x000000d75d8fe170 mode 1
Event: 18.265 Thread 0x00000294d43ce4c0 DEOPT PACKING pc=0x000002948431c394 sp=0x000000d75d8fead0
Event: 18.265 Thread 0x00000294d43ce4c0 DEOPT UNPACKING pc=0x0000029483924e42 sp=0x000000d75d8fdfd0 mode 1
Event: 18.265 Thread 0x00000294d43ce4c0 DEOPT PACKING pc=0x0000029484331f74 sp=0x000000d75d8fec80
Event: 18.265 Thread 0x00000294d43ce4c0 DEOPT UNPACKING pc=0x0000029483924e42 sp=0x000000d75d8fe170 mode 1
Event: 18.767 Thread 0x00000294d43ce4c0 DEOPT PACKING pc=0x000002948431c394 sp=0x000000d75d8fead0
Event: 18.767 Thread 0x00000294d43ce4c0 DEOPT UNPACKING pc=0x0000029483924e42 sp=0x000000d75d8fdfd0 mode 1
Event: 18.767 Thread 0x00000294d43ce4c0 DEOPT PACKING pc=0x0000029484331f74 sp=0x000000d75d8fec80
Event: 18.767 Thread 0x00000294d43ce4c0 DEOPT UNPACKING pc=0x0000029483924e42 sp=0x000000d75d8fe170 mode 1
Event: 19.293 Thread 0x00000294d43ce4c0 DEOPT PACKING pc=0x000002948431c394 sp=0x000000d75d8fead0
Event: 19.293 Thread 0x00000294d43ce4c0 DEOPT UNPACKING pc=0x0000029483924e42 sp=0x000000d75d8fdfd0 mode 1
Event: 19.293 Thread 0x00000294d43ce4c0 DEOPT PACKING pc=0x0000029484331f74 sp=0x000000d75d8fec80
Event: 19.293 Thread 0x00000294d43ce4c0 DEOPT UNPACKING pc=0x0000029483924e42 sp=0x000000d75d8fe170 mode 1
Event: 19.810 Thread 0x00000294d43ce4c0 DEOPT PACKING pc=0x000002948431c394 sp=0x000000d75d8fead0
Event: 19.810 Thread 0x00000294d43ce4c0 DEOPT UNPACKING pc=0x0000029483924e42 sp=0x000000d75d8fdfd0 mode 1
Event: 19.810 Thread 0x00000294d43ce4c0 DEOPT PACKING pc=0x0000029484331f74 sp=0x000000d75d8fec80
Event: 19.810 Thread 0x00000294d43ce4c0 DEOPT UNPACKING pc=0x0000029483924e42 sp=0x000000d75d8fe170 mode 1
Event: 20.045 Thread 0x00000294d488acd0 DEOPT PACKING pc=0x0000029483c6f7b4 sp=0x000000d75ddfd1c0
Event: 20.045 Thread 0x00000294d488acd0 DEOPT UNPACKING pc=0x0000029483924e42 sp=0x000000d75ddfc678 mode 0

Classes loaded (20 events):
Event: 3.764 Loading class java/lang/Package$1PackageInfoProxy
Event: 3.764 Loading class java/lang/Package$1PackageInfoProxy done
Event: 3.786 Loading class java/util/stream/ReduceOps$5
Event: 3.786 Loading class java/util/stream/ReduceOps$5 done
Event: 3.786 Loading class java/util/stream/ReduceOps$CountingSink$OfRef
Event: 3.786 Loading class java/util/stream/ReduceOps$CountingSink
Event: 3.786 Loading class java/util/stream/ReduceOps$CountingSink done
Event: 3.786 Loading class java/util/stream/ReduceOps$CountingSink$OfRef done
Event: 3.804 Loading class java/lang/Character$UnicodeBlock
Event: 3.805 Loading class java/lang/Character$Subset
Event: 3.805 Loading class java/lang/Character$Subset done
Event: 3.805 Loading class java/lang/Character$UnicodeBlock done
Event: 3.831 Loading class java/util/regex/Pattern$Bound
Event: 3.831 Loading class java/util/regex/Pattern$Bound done
Event: 3.832 Loading class java/util/regex/Pattern$Behind
Event: 3.832 Loading class java/util/regex/Pattern$Behind done
Event: 3.901 Loading class java/util/EmptyStackException
Event: 3.901 Loading class java/util/EmptyStackException done
Event: 3.913 Loading class java/io/InvalidClassException
Event: 3.913 Loading class java/io/InvalidClassException done

Classes unloaded (0 events):
No events

Classes redefined (1 events):
Event: 20.061 Thread 0x000002948e522a40 redefined class name=com.java.tp_principal_backend.services.impl.InsumosServicesImpl, count=1

Internal exceptions (20 events):
Event: 3.432 Thread 0x00000294d488acd0 Exception <a 'java/lang/NoSuchMethodError'{0x0000000706898ef0}: 'java.lang.Object java.lang.invoke.Invokers$Holder.linkToTargetMethod(java.lang.Object, int, java.lang.Object, java.lang.Object)'> (0x0000000706898ef0) 
thrown [s\src\hotspot\share\interpreter\linkResolver.cpp, line 773]
Event: 3.437 Thread 0x00000294d488acd0 Exception <a 'java/lang/NoSuchMethodError'{0x00000007069c31d0}: 'void java.lang.invoke.DirectMethodHandle$Holder.invokeSpecial(java.lang.Object, java.lang.Object, java.lang.Object, java.lang.Object, java.lang.Object, java.lang.Object, java.lang.Object, java.lang.Object)'> (0x00000007069c31d0) 
thrown [s\src\hotspot\share\interpreter\linkResolver.cpp, line 773]
Event: 3.441 Thread 0x00000294d488acd0 Exception <a 'java/lang/NoSuchMethodError'{0x000000070666a520}: 'java.lang.Object java.lang.invoke.DirectMethodHandle$Holder.newInvokeSpecial(java.lang.Object, java.lang.Object, int)'> (0x000000070666a520) 
thrown [s\src\hotspot\share\interpreter\linkResolver.cpp, line 773]
Event: 3.460 Thread 0x00000294d488acd0 Exception <a 'java/lang/NoSuchMethodError'{0x000000070632c938}: 'java.lang.Object java.lang.invoke.DirectMethodHandle$Holder.newInvokeSpecial(java.lang.Object, java.lang.Object, java.lang.Object, java.lang.Object, java.lang.Object, int, java.lang.Object)'> (0x000000070632c938) 
thrown [s\src\hotspot\share\interpreter\linkResolver.cpp, line 773]
Event: 3.462 Thread 0x00000294d488acd0 Exception <a 'java/lang/NoSuchMethodError'{0x0000000706389850}: 'java.lang.Object java.lang.invoke.DirectMethodHandle$Holder.newInvokeSpecial(java.lang.Object, java.lang.Object, java.lang.Object, java.lang.Object, java.lang.Object, java.lang.Object, java.lang.Object, java.lang.Object, java.lang.Object, java.lang.Object, java.lang.Object, java.lang.Object)'> (0x0000000706389850) 
thrown [s\src\hotspot\share\interpreter\linkResolver.cpp, line 773]
Event: 3.462 Thread 0x00000294d488acd0 Exception <a 'java/lang/NoSuchMethodError'{0x000000070638e188}: 'java.lang.Object java.lang.invoke.DirectMethodHandle$Holder.invokeSpecial(java.lang.Object, java.lang.Object, java.lang.Object, java.lang.Object, java.lang.Object, java.lang.Object, java.lang.Object, java.lang.Object, java.lang.Object, java.lang.Object, java.lang.Object, java.lang.Object, java.lang.Object)'> (0x000000070638e188) 
thrown [s\src\hotspot\share\interpreter\linkResolver.cpp, line 773]
Event: 3.462 Thread 0x00000294d488acd0 Exception <a 'java/lang/NoSuchMethodError'{0x0000000706392680}: 'java.lang.Object java.lang.invoke.Invokers$Holder.linkToTargetMethod(java.lang.Object, java.lang.Object, java.lang.Object, java.lang.Object, java.lang.Object, java.lang.Object, java.lang.Object, java.lang.Object, java.lang.Object, java.lang.Object, java.lang.Object, java.lang.Object)'> (0x0000000706392680) 
thrown [s\src\hotspot\share\interpreter\linkResolver.cpp, line 773]
Event: 3.487 Thread 0x00000294d488acd0 Exception <a 'java/lang/NoSuchMethodError'{0x0000000705c82e20}: 'java.lang.Object java.lang.invoke.DirectMethodHandle$Holder.newInvokeSpecial(java.lang.Object, java.lang.Object, java.lang.Object, java.lang.Object, java.lang.Object, java.lang.Object)'> (0x0000000705c82e20) 
thrown [s\src\hotspot\share\interpreter\linkResolver.cpp, line 773]
Event: 3.494 Thread 0x00000294d488acd0 Exception <a 'java/lang/NoSuchMethodError'{0x0000000705daa190}: 'java.lang.Object java.lang.invoke.DirectMethodHandle$Holder.newInvokeSpecial(java.lang.Object, java.lang.Object, int, java.lang.Object, int, java.lang.Object, java.lang.Object)'> (0x0000000705daa190) 
thrown [s\src\hotspot\share\interpreter\linkResolver.cpp, line 773]
Event: 3.499 Thread 0x00000294d488acd0 Exception <a 'java/lang/NoSuchMethodError'{0x0000000705aa9050}: 'java.lang.Object java.lang.invoke.DirectMethodHandle$Holder.newInvokeSpecial(java.lang.Object, java.lang.Object, java.lang.Object, java.lang.Object, java.lang.Object, java.lang.Object, java.lang.Object, int)'> (0x0000000705aa9050) 
thrown [s\src\hotspot\share\interpreter\linkResolver.cpp, line 773]
Event: 3.499 Thread 0x00000294d488acd0 Exception <a 'java/lang/NoSuchMethodError'{0x0000000705aad6a0}: 'java.lang.Object java.lang.invoke.DirectMethodHandle$Holder.invokeSpecial(java.lang.Object, java.lang.Object, java.lang.Object, java.lang.Object, java.lang.Object, java.lang.Object, java.lang.Object, java.lang.Object, int)'> (0x0000000705aad6a0) 
thrown [s\src\hotspot\share\interpreter\linkResolver.cpp, line 773]
Event: 3.499 Thread 0x00000294d488acd0 Exception <a 'java/lang/NoSuchMethodError'{0x0000000705ab16d8}: 'java.lang.Object java.lang.invoke.Invokers$Holder.linkToTargetMethod(java.lang.Object, java.lang.Object, java.lang.Object, java.lang.Object, java.lang.Object, java.lang.Object, int, java.lang.Object)'> (0x0000000705ab16d8) 
thrown [s\src\hotspot\share\interpreter\linkResolver.cpp, line 773]
Event: 3.513 Thread 0x00000294d488acd0 Exception <a 'java/lang/NoSuchMethodError'{0x00000007058f1190}: 'void java.lang.invoke.DirectMethodHandle$Holder.invokeInterface(java.lang.Object, java.lang.Object)'> (0x00000007058f1190) 
thrown [s\src\hotspot\share\interpreter\linkResolver.cpp, line 773]
Event: 3.584 Thread 0x00000294d488acd0 Exception <a 'java/lang/NoSuchMethodError'{0x0000000704e73e70}: 'java.lang.Object java.lang.invoke.DirectMethodHandle$Holder.invokeSpecial(java.lang.Object, java.lang.Object, int, java.lang.Object, int)'> (0x0000000704e73e70) 
thrown [s\src\hotspot\share\interpreter\linkResolver.cpp, line 773]
Event: 3.610 Thread 0x00000294d488acd0 Exception <a 'java/lang/NoSuchMethodError'{0x0000000704fec050}: 'void java.lang.invoke.Invokers$Holder.invokeExact_MT(java.lang.Object, java.lang.Object, java.lang.Object, java.lang.Object)'> (0x0000000704fec050) 
thrown [s\src\hotspot\share\interpreter\linkResolver.cpp, line 773]
Event: 3.648 Thread 0x00000294d488acd0 Exception <a 'java/lang/IncompatibleClassChangeError'{0x0000000704435d20}: Found class java.lang.Object, but interface was expected> (0x0000000704435d20) 
thrown [s\src\hotspot\share\interpreter\linkResolver.cpp, line 840]
Event: 3.654 Thread 0x00000294d488acd0 Exception <a 'java/lang/IncompatibleClassChangeError'{0x00000007044e7620}: Found class java.lang.Object, but interface was expected> (0x00000007044e7620) 
thrown [s\src\hotspot\share\interpreter\linkResolver.cpp, line 840]
Event: 3.676 Thread 0x00000294d488acd0 Exception <a 'java/lang/IncompatibleClassChangeError'{0x0000000711cb44c0}: Found class java.lang.Object, but interface was expected> (0x0000000711cb44c0) 
thrown [s\src\hotspot\share\interpreter\linkResolver.cpp, line 840]
Event: 3.761 Thread 0x00000294d488acd0 Exception <a 'java/lang/IncompatibleClassChangeError'{0x0000000706048800}: Found class java.lang.Object, but interface was expected> (0x0000000706048800) 
thrown [s\src\hotspot\share\interpreter\linkResolver.cpp, line 840]
Event: 3.815 Thread 0x00000294d488acd0 Exception <a 'java/lang/IncompatibleClassChangeError'{0x000000070572dde8}: Found class java.lang.Object, but interface was expected> (0x000000070572dde8) 
thrown [s\src\hotspot\share\interpreter\linkResolver.cpp, line 840]

ZGC Phase Switch (0 events):
No events

VM Operations (20 events):
Event: 8.694 Executing VM operation: get/set locals
Event: 8.694 Executing VM operation: get/set locals done
Event: 8.694 Executing VM operation: get/set locals
Event: 8.694 Executing VM operation: get/set locals done
Event: 8.695 Executing VM operation: get/set locals
Event: 8.695 Executing VM operation: get/set locals done
Event: 8.695 Executing VM operation: get/set locals
Event: 8.695 Executing VM operation: get/set locals done
Event: 14.753 Executing VM operation: Cleanup
Event: 14.753 Executing VM operation: Cleanup done
Event: 16.781 Executing VM operation: Cleanup
Event: 16.781 Executing VM operation: Cleanup done
Event: 20.045 Executing VM operation: ChangeSingleStep
Event: 20.045 Executing VM operation: ChangeSingleStep done
Event: 20.045 Executing VM operation: ChangeSingleStep
Event: 20.045 Executing VM operation: ChangeSingleStep done
Event: 20.057 Executing VM operation: RedefineClasses
Event: 20.075 Executing VM operation: RedefineClasses done
Event: 20.077 Executing VM operation: ChangeSingleStep
Event: 20.077 Executing VM operation: ChangeSingleStep done

Memory protections (0 events):
No events

Nmethod flushes (20 events):
Event: 2.994 Thread 0x000002948e522a40 flushing  nmethod 0x000002948414a890
Event: 2.994 Thread 0x000002948e522a40 flushing  nmethod 0x0000029484167490
Event: 2.994 Thread 0x000002948e522a40 flushing  nmethod 0x0000029483e13b90
Event: 2.994 Thread 0x000002948e522a40 flushing  nmethod 0x0000029484263d90
Event: 2.994 Thread 0x000002948e522a40 flushing  nmethod 0x0000029483dd4a10
Event: 2.994 Thread 0x000002948e522a40 flushing  nmethod 0x0000029483dd5e90
Event: 2.994 Thread 0x000002948e522a40 flushing  nmethod 0x0000029484060a90
Event: 2.994 Thread 0x000002948e522a40 flushing  nmethod 0x00000294840e6190
Event: 2.994 Thread 0x000002948e522a40 flushing  nmethod 0x00000294840e7710
Event: 2.994 Thread 0x000002948e522a40 flushing  nmethod 0x000002948413bf10
Event: 2.994 Thread 0x000002948e522a40 flushing  nmethod 0x0000029483ecad10
Event: 2.994 Thread 0x000002948e522a40 flushing  nmethod 0x0000029484051190
Event: 2.994 Thread 0x000002948e522a40 flushing  nmethod 0x00000294840f1f10
Event: 2.994 Thread 0x000002948e522a40 flushing  nmethod 0x0000029484158090
Event: 2.994 Thread 0x000002948e522a40 flushing  nmethod 0x0000029484133c10
Event: 2.994 Thread 0x000002948e522a40 flushing  nmethod 0x0000029484135790
Event: 2.994 Thread 0x000002948e522a40 flushing  nmethod 0x0000029484195210
Event: 2.994 Thread 0x000002948e522a40 flushing  nmethod 0x0000029484196010
Event: 2.994 Thread 0x000002948e522a40 flushing  nmethod 0x0000029483f48890
Event: 2.994 Thread 0x000002948e522a40 flushing  nmethod 0x00000294840fee90

Events (20 events):
Event: 0.502 Thread 0x00000294d43d47b0 Thread added: 0x00000294d43d2100
Event: 0.503 Thread 0x00000294d436a580 Thread added: 0x00000294d43ce4c0
Event: 0.510 Thread 0x00000294fd7506c0 Thread added: 0x00000294d43ef5e0
Event: 0.512 Thread 0x00000294d43ce4c0 Thread added: 0x00000294d440b310
Event: 0.691 Thread 0x00000294fd7506c0 Thread added: 0x00000294d4889fb0
Event: 0.693 Thread 0x00000294d4889fb0 Thread added: 0x00000294d488acd0
Event: 0.911 Thread 0x00000294d488acd0 Thread added: 0x00000294d4887850
Event: 1.141 Thread 0x00000294d488acd0 Thread added: 0x00000294d4888570
Event: 1.142 Thread 0x00000294d4887850 Thread exited: 0x00000294d4887850
Event: 1.190 Thread 0x00000294d4888570 Thread exited: 0x00000294d4888570
Event: 2.077 Thread 0x00000294d488acd0 Thread added: 0x00000294d4887ee0
Event: 2.078 Thread 0x00000294d4887ee0 Thread added: 0x00000294d4888570
Event: 2.080 Thread 0x00000294d488acd0 Thread added: 0x00000294d4888c00
Event: 2.094 Thread 0x00000294d488acd0 Thread added: 0x00000294d4889290
Event: 2.696 Thread 0x00000294d488acd0 Thread added: 0x00000294d488a640
Event: 2.810 Thread 0x00000294d488a640 Thread added: 0x00000294d4889920
Event: 5.197 Thread 0x00000294d4328320 Thread exited: 0x00000294d4328320
Event: 7.405 Thread 0x000002948e66cf00 Thread exited: 0x000002948e66cf00
Event: 8.111 Thread 0x00000294d4889920 Thread exited: 0x00000294d4889920
Event: 11.523 Thread 0x000002948e65a570 Thread exited: 0x000002948e65a570


Dynamic libraries:
0x00007ff6bcd00000 - 0x00007ff6bcd0e000 	C:\Program Files\sts-4.28.1.RELEASE\plugins\org.eclipse.justj.openjdk.hotspot.jre.full.win32.x86_64_21.0.6.v20250130-0529\jre\bin\javaw.exe
0x00007ff829e80000 - 0x00007ff82a0e8000 	C:\WINDOWS\SYSTEM32\ntdll.dll
0x00007ff829110000 - 0x00007ff8291d9000 	C:\WINDOWS\System32\KERNEL32.DLL
0x00007ff826fd0000 - 0x00007ff8273c8000 	C:\WINDOWS\System32\KERNELBASE.dll
0x00007ff827540000 - 0x00007ff82768b000 	C:\WINDOWS\System32\ucrtbase.dll
0x00007ff80cb80000 - 0x00007ff80cb98000 	C:\Program Files\sts-4.28.1.RELEASE\plugins\org.eclipse.justj.openjdk.hotspot.jre.full.win32.x86_64_21.0.6.v20250130-0529\jre\bin\jli.dll
0x00007ff829240000 - 0x00007ff829407000 	C:\WINDOWS\System32\USER32.dll
0x00007ff80f080000 - 0x00007ff80f314000 	C:\WINDOWS\WinSxS\amd64_microsoft.windows.common-controls_6595b64144ccf1df_6.0.26100.7019_none_3e06ffa0e335b8a8\COMCTL32.dll
0x00007ff8279c0000 - 0x00007ff8279e7000 	C:\WINDOWS\System32\win32u.dll
0x00007ffff9510000 - 0x00007ffff952e000 	C:\Program Files\sts-4.28.1.RELEASE\plugins\org.eclipse.justj.openjdk.hotspot.jre.full.win32.x86_64_21.0.6.v20250130-0529\jre\bin\VCRUNTIME140.dll
0x00007ff828740000 - 0x00007ff8287e9000 	C:\WINDOWS\System32\msvcrt.dll
0x00007ff8298a0000 - 0x00007ff8298cb000 	C:\WINDOWS\System32\GDI32.dll
0x00007ff827740000 - 0x00007ff82786c000 	C:\WINDOWS\System32\gdi32full.dll
0x00007ff8279f0000 - 0x00007ff827a93000 	C:\WINDOWS\System32\msvcp_win.dll
0x00007ff828650000 - 0x00007ff828681000 	C:\WINDOWS\System32\IMM32.DLL
0x00007ff80b200000 - 0x00007ff80b20c000 	C:\Program Files\sts-4.28.1.RELEASE\plugins\org.eclipse.justj.openjdk.hotspot.jre.full.win32.x86_64_21.0.6.v20250130-0529\jre\bin\vcruntime140_1.dll
0x00007fffe64a0000 - 0x00007fffe652d000 	C:\Program Files\sts-4.28.1.RELEASE\plugins\org.eclipse.justj.openjdk.hotspot.jre.full.win32.x86_64_21.0.6.v20250130-0529\jre\bin\msvcp140.dll
0x00007fff7a140000 - 0x00007fff7aed0000 	C:\Program Files\sts-4.28.1.RELEASE\plugins\org.eclipse.justj.openjdk.hotspot.jre.full.win32.x86_64_21.0.6.v20250130-0529\jre\bin\server\jvm.dll
0x00007ff827d20000 - 0x00007ff827dd4000 	C:\WINDOWS\System32\ADVAPI32.dll
0x00007ff828690000 - 0x00007ff828736000 	C:\WINDOWS\System32\sechost.dll
0x00007ff8287f0000 - 0x00007ff828908000 	C:\WINDOWS\System32\RPCRT4.dll
0x00007ff829a60000 - 0x00007ff829ad4000 	C:\WINDOWS\System32\WS2_32.dll
0x00007ff826c90000 - 0x00007ff826cee000 	C:\WINDOWS\SYSTEM32\POWRPROF.dll
0x00007ff818ab0000 - 0x00007ff818ae5000 	C:\WINDOWS\SYSTEM32\WINMM.dll
0x00007ff81f890000 - 0x00007ff81f89b000 	C:\WINDOWS\SYSTEM32\VERSION.dll
0x00007ff826c70000 - 0x00007ff826c84000 	C:\WINDOWS\SYSTEM32\UMPDC.dll
0x00007ff825d50000 - 0x00007ff825d6b000 	C:\WINDOWS\SYSTEM32\kernel.appcore.dll
0x00007ff823ff0000 - 0x00007ff823ffa000 	C:\Program Files\sts-4.28.1.RELEASE\plugins\org.eclipse.justj.openjdk.hotspot.jre.full.win32.x86_64_21.0.6.v20250130-0529\jre\bin\jimage.dll
0x00007ff81e800000 - 0x00007ff81ea42000 	C:\WINDOWS\SYSTEM32\DBGHELP.DLL
0x00007ff828a00000 - 0x00007ff828d8b000 	C:\WINDOWS\System32\combase.dll
0x00007ff829030000 - 0x00007ff829107000 	C:\WINDOWS\System32\OLEAUT32.dll
0x00007ff80c240000 - 0x00007ff80c27c000 	C:\WINDOWS\SYSTEM32\dbgcore.DLL
0x00007ff827690000 - 0x00007ff827735000 	C:\WINDOWS\System32\bcryptPrimitives.dll
0x00007ff808990000 - 0x00007ff8089cc000 	C:\Program Files\sts-4.28.1.RELEASE\plugins\org.eclipse.justj.openjdk.hotspot.jre.full.win32.x86_64_21.0.6.v20250130-0529\jre\bin\jdwp.dll
0x00007ff821f60000 - 0x00007ff821f6f000 	C:\Program Files\sts-4.28.1.RELEASE\plugins\org.eclipse.justj.openjdk.hotspot.jre.full.win32.x86_64_21.0.6.v20250130-0529\jre\bin\instrument.dll
0x00007ff80cba0000 - 0x00007ff80cbbf000 	C:\Program Files\sts-4.28.1.RELEASE\plugins\org.eclipse.justj.openjdk.hotspot.jre.full.win32.x86_64_21.0.6.v20250130-0529\jre\bin\java.dll
0x00007ff827ee0000 - 0x00007ff82862f000 	C:\WINDOWS\System32\SHELL32.dll
0x00007ff8273d0000 - 0x00007ff82753b000 	C:\WINDOWS\System32\wintypes.dll
0x00007ff824bd0000 - 0x00007ff82542d000 	C:\WINDOWS\SYSTEM32\windows.storage.dll
0x00007ff829ae0000 - 0x00007ff829bd2000 	C:\WINDOWS\System32\SHCORE.dll
0x00007ff828990000 - 0x00007ff8289f7000 	C:\WINDOWS\System32\shlwapi.dll
0x00007ff826ef0000 - 0x00007ff826f19000 	C:\WINDOWS\SYSTEM32\profapi.dll
0x00007ff80cac0000 - 0x00007ff80cad8000 	C:\Program Files\sts-4.28.1.RELEASE\plugins\org.eclipse.justj.openjdk.hotspot.jre.full.win32.x86_64_21.0.6.v20250130-0529\jre\bin\zip.dll
0x00007ff80cb70000 - 0x00007ff80cb7b000 	C:\Program Files\sts-4.28.1.RELEASE\plugins\org.eclipse.justj.openjdk.hotspot.jre.full.win32.x86_64_21.0.6.v20250130-0529\jre\bin\dt_socket.dll
0x00007ff825740000 - 0x00007ff825774000 	C:\WINDOWS\SYSTEM32\IPHLPAPI.DLL
0x00007ff8262a0000 - 0x00007ff82630b000 	C:\WINDOWS\system32\mswsock.dll
0x00007ff825780000 - 0x00007ff8258ac000 	C:\WINDOWS\SYSTEM32\DNSAPI.dll
0x00007ff829be0000 - 0x00007ff829bea000 	C:\WINDOWS\System32\NSI.dll
0x00007ff8112b0000 - 0x00007ff8112bb000 	C:\Windows\System32\rasadhlp.dll
0x00007ff81f590000 - 0x00007ff81f616000 	C:\WINDOWS\System32\fwpuclnt.dll
0x00007ff821f50000 - 0x00007ff821f60000 	C:\Program Files\sts-4.28.1.RELEASE\plugins\org.eclipse.justj.openjdk.hotspot.jre.full.win32.x86_64_21.0.6.v20250130-0529\jre\bin\net.dll
0x00007ff8202f0000 - 0x00007ff820418000 	C:\WINDOWS\SYSTEM32\WINHTTP.dll
0x00007ff80caa0000 - 0x00007ff80cab6000 	C:\Program Files\sts-4.28.1.RELEASE\plugins\org.eclipse.justj.openjdk.hotspot.jre.full.win32.x86_64_21.0.6.v20250130-0529\jre\bin\nio.dll
0x00007ff8051a0000 - 0x00007ff8051aa000 	C:\Program Files\sts-4.28.1.RELEASE\plugins\org.eclipse.justj.openjdk.hotspot.jre.full.win32.x86_64_21.0.6.v20250130-0529\jre\bin\management.dll
0x00007ff800600000 - 0x00007ff80060b000 	C:\Program Files\sts-4.28.1.RELEASE\plugins\org.eclipse.justj.openjdk.hotspot.jre.full.win32.x86_64_21.0.6.v20250130-0529\jre\bin\management_ext.dll
0x00007ff8298d0000 - 0x00007ff8298d8000 	C:\WINDOWS\System32\PSAPI.DLL
0x00007ff8055c0000 - 0x00007ff8055d8000 	C:\WINDOWS\system32\napinsp.dll
0x00007ff800cb0000 - 0x00007ff800cc2000 	C:\WINDOWS\System32\winrnr.dll
0x00007ff800c80000 - 0x00007ff800ca2000 	C:\WINDOWS\system32\nlansp_c.dll
0x00007ff803f90000 - 0x00007ff803fa6000 	C:\WINDOWS\system32\wshbth.dll
0x00007ff826690000 - 0x00007ff8266ab000 	C:\WINDOWS\SYSTEM32\CRYPTSP.dll
0x00007ff825cb0000 - 0x00007ff825cea000 	C:\WINDOWS\system32\rsaenh.dll
0x00007ff826350000 - 0x00007ff82637b000 	C:\WINDOWS\SYSTEM32\USERENV.dll
0x00007ff826ec0000 - 0x00007ff826eea000 	C:\WINDOWS\SYSTEM32\bcrypt.dll
0x00007ff8264f0000 - 0x00007ff8264fc000 	C:\WINDOWS\SYSTEM32\CRYPTBASE.dll
0x00007ff80ca50000 - 0x00007ff80ca59000 	C:\Program Files\sts-4.28.1.RELEASE\plugins\org.eclipse.justj.openjdk.hotspot.jre.full.win32.x86_64_21.0.6.v20250130-0529\jre\bin\extnet.dll
0x00007ff821eb0000 - 0x00007ff821ec0000 	C:\Program Files\sts-4.28.1.RELEASE\plugins\org.eclipse.justj.openjdk.hotspot.jre.full.win32.x86_64_21.0.6.v20250130-0529\jre\bin\verify.dll
0x00007ff80ca60000 - 0x00007ff80ca6e000 	C:\Program Files\sts-4.28.1.RELEASE\plugins\org.eclipse.justj.openjdk.hotspot.jre.full.win32.x86_64_21.0.6.v20250130-0529\jre\bin\sunmscapi.dll
0x00007ff827aa0000 - 0x00007ff827c17000 	C:\WINDOWS\System32\CRYPT32.dll
0x00007ff8267e0000 - 0x00007ff826810000 	C:\WINDOWS\SYSTEM32\ncrypt.dll
0x00007ff826790000 - 0x00007ff8267cf000 	C:\WINDOWS\SYSTEM32\NTASN1.dll

dbghelp: loaded successfully - version: 4.0.5 - missing functions: none
symbol engine: initialized successfully - sym options: 0x614 - pdb path: .;C:\Program Files\sts-4.28.1.RELEASE\plugins\org.eclipse.justj.openjdk.hotspot.jre.full.win32.x86_64_21.0.6.v20250130-0529\jre\bin;C:\WINDOWS\SYSTEM32;C:\WINDOWS\WinSxS\amd64_microsoft.windows.common-controls_6595b64144ccf1df_6.0.26100.7019_none_3e06ffa0e335b8a8;C:\Program Files\sts-4.28.1.RELEASE\plugins\org.eclipse.justj.openjdk.hotspot.jre.full.win32.x86_64_21.0.6.v20250130-0529\jre\bin\server

VM Arguments:
jvm_args: -XX:+ShowCodeDetailsInExceptionMessages -agentlib:jdwp=transport=dt_socket,suspend=y,address=localhost:50815 -Dcom.sun.management.jmxremote -Dcom.sun.management.jmxremote.port=50814 -Dcom.sun.management.jmxremote.authenticate=false -Dcom.sun.management.jmxremote.ssl=false -Djava.rmi.server.hostname=localhost -Dspring.jmx.enabled=true -Dmanagement.endpoints.jmx.exposure.include=* -Dspring.application.admin.enabled=true -Dspring.output.ansi.enabled=always -XX:TieredStopAtLevel=1 -Dspring.boot.project.name=tp-principal-backend -javaagent:C:\Users\Usuario\.eclipse\org.eclipse.platform_4.34.0_931374269_win32_win32_x86_64\configuration\org.eclipse.osgi\275\0\.cp\lib\javaagent-shaded.jar -Dfile.encoding=UTF-8 -Dstdout.encoding=UTF-8 -Dstderr.encoding=UTF-8 
java_command: com.java.tp_principal_backend.TpPrincipalBackendApplication
java_class_path (initial): C:\Dev\tp-principal-backend\target\classes;C:\Users\Usuario\.m2\repository\org\springframework\boot\spring-boot-starter-web\3.2.2\spring-boot-starter-web-3.2.2.jar;C:\Users\Usuario\.m2\repository\org\springframework\boot\spring-boot-starter\3.2.2\spring-boot-starter-3.2.2.jar;C:\Users\Usuario\.m2\repository\org\springframework\boot\spring-boot-starter-logging\3.2.2\spring-boot-starter-logging-3.2.2.jar;C:\Users\Usuario\.m2\repository\ch\qos\logback\logback-classic\1.4.14\logback-classic-1.4.14.jar;C:\Users\Usuario\.m2\repository\ch\qos\logback\logback-core\1.4.14\logback-core-1.4.14.jar;C:\Users\Usuario\.m2\repository\org\apache\logging\log4j\log4j-to-slf4j\2.21.1\log4j-to-slf4j-2.21.1.jar;C:\Users\Usuario\.m2\repository\org\apache\logging\log4j\log4j-api\2.21.1\log4j-api-2.21.1.jar;C:\Users\Usuario\.m2\repository\org\slf4j\jul-to-slf4j\2.0.11\jul-to-slf4j-2.0.11.jar;C:\Users\Usuario\.m2\repository\jakarta\annotation\jakarta.annotation-api\2.1.1\jakarta.annotation-api-2.1.1.jar;C:\Users\Usuario\.m2\repository\org\yaml\snakeyaml\2.2\snakeyaml-2.2.jar;C:\Users\Usuario\.m2\repository\org\springframework\boot\spring-boot-starter-json\3.2.2\spring-boot-starter-json-3.2.2.jar;C:\Users\Usuario\.m2\repository\com\fasterxml\jackson\core\jackson-databind\2.15.3\jackson-databind-2.15.3.jar;C:\Users\Usuario\.m2\repository\com\fasterxml\jackson\core\jackson-annotations\2.15.3\jackson-annotations-2.15.3.jar;C:\Users\Usuario\.m2\repository\com\fasterxml\jackson\core\jackson-core\2.15.3\jackson-core-2.15.3.jar;C:\Users\Usuario\.m2\repository\com\fasterxml\jackson\datatype\jackson-datatype-jdk8\2.15.3\jackson-datatype-jdk8-2.15.3.jar;C:\Users\Usuario\.m2\repository\com\fasterxml\jackson\datatype\jackson-datatype-jsr310\2.15.3\jackson-datatype-jsr310-2.15.3.jar;C:\Users\Usuario\.m2\repository\com\fasterxml\jackson\module\jackson-module-parameter-names\2.15.3\jackson-module-parameter-names-2.15.3.jar;C:\Users\Usuario\.m2\repository\org\springframework\boot\spring-boot-starter-tomcat\3.2.2\spring-boot-starter-tomcat-3.2.2.jar;C:\Users\Usuario\.m2\repository\org\apache\tomcat\embed\tomcat-embed-core\10.1.18\tomcat-embed-core-10.1.18.jar;C:\Users\Usuario\.m2\repository\org\apache\tomcat\embed\tomcat-embed-el\10.1.18\tomcat-embed-el-10.1.18.jar;C:\Users\Usuario\.m2\repository\org\apache\tomcat\embed\tomcat-embed-websocket\10.1.18\tomcat-embed-websocket-10.1.18.jar;C:\Users\Usuario\.m2\repository\org\springframework\spring-web\6.1.3\spring-web-6.1.3.jar;C:\Users\Usuario\.m2\repository\org\springframework\spring-beans\6.1.3\spring-beans-6.1.3.jar;C:\Users\Usuario\.m2\repository\io\micrometer\micrometer-observation\1.12.2\micrometer-observation-1.12.2.jar;C:\Users\Usuario\.m2\repository\io\micrometer\micrometer-commons\1.12.2\micrometer-commons-1.12.2.jar;C:\Users\Usuario\.m2\repository\org\springframework\spring-webmvc\6.1.3\spring-webmvc-6.1.3.jar;C:\Users\Usuario\.m2\repository\org\springframework\spring-aop\6.1.3\spring-aop-6.1.3.jar;C:\Users\Usuario\.m2\repository\org\springframework\spring-context\6.1.3\spring-context-6.1.3.jar;C:\Users\Usuario\.m2\repository\org\springframework\spring-expression\6.1.3\spring-expression-6.1.3.jar;C:\Users\Usuario\.m2\repository\org\springframework\boot\spring-boot-starter-data-jpa\3.2.2\spring-boot-starter-data-jpa-3.2.2.jar;C:\Users\Usuario\.m2\repository\org\springframework\boot\spring-boot-starter-aop\3.2.2\spring-boot-starter-aop-3.2.2.jar;C:\Users\Usuario\.m2\repository\org\aspectj\aspectjweaver\1.9.21\aspectjweaver-1.9.21.jar;C:\Users\Usuario\.m2\repository\org\springframework\boot\spring-boot-starter-jdbc\3.2.2\spring-boot-starter-jdbc-3.2.2.jar;C:\Users\Usuario\.m2\repository\com\zaxxer\HikariCP\5.0.1\HikariCP-5.0.1.jar;C:\Users\Usuario\.m2\repository\org\springframework\spring-jdbc\6.1.3\spring-jdbc-6.1.3.jar;C:\Users\Usuario\.m2\repository\org\hibernate\orm\hibernate-core\6.4.1.Final\hibernate-core-6.4.1.Final.jar;C:\Users\Usuario\.m2\repository\jakarta\persistence\jakarta.persistence-api\3.1.0\jakarta.persistence-api-3.1.0.jar;C:\Users\Usuario\.m2\repository\jakarta\transaction\jakarta.transaction-api\2.0.1\jakarta.transaction-api-2.0.1.jar;C:\Users\Usuario\.m2\repository\org\jboss\logging\jboss-logging\3.5.3.Final\jboss-logging-3.5.3.Final.jar;C:\Users\Usuario\.m2\repository\org\hibernate\common\hibernate-commons-annotations\6.0.6.Final\hibernate-commons-annotations-6.0.6.Final.jar;C:\Users\Usuario\.m2\repository\io\smallrye\jandex\3.1.2\jandex-3.1.2.jar;C:\Users\Usuario\.m2\repository\com\fasterxml\classmate\1.6.0\classmate-1.6.0.jar;C:\Users\Usuario\.m2\repository\net\bytebuddy\byte-buddy\1.14.11\byte-buddy-1.14.11.jar;C:\Users\Usuario\.m2\repository\org\glassfish\jaxb\jaxb-runtime\4.0.4\jaxb-runtime-4.0.4.jar;C:\Users\Usuario\.m2\repository\org\glassfish\jaxb\jaxb-core\4.0.4\jaxb-core-4.0.4.jar;C:\Users\Usuario\.m2\repository\org\eclipse\angus\angus-activation\2.0.1\angus-activation-2.0.1.jar;C:\Users\Usuario\.m2\repository\org\glassfish\jaxb\txw2\4.0.4\txw2-4.0.4.jar;C:\Users\Usuario\.m2\repository\com\sun\istack\istack-commons-runtime\4.1.2\istack-commons-runtime-4.1.2.jar;C:\Users\Usuario\.m2\repository\jakarta\inject\jakarta.inject-api\2.0.1\jakarta.inject-api-2.0.1.jar;C:\Users\Usuario\.m2\repository\org\antlr\antlr4-runtime\4.13.0\antlr4-runtime-4.13.0.jar;C:\Users\Usuario\.m2\repository\org\springframework\data\spring-data-jpa\3.2.2\spring-data-jpa-3.2.2.jar;C:\Users\Usuario\.m2\repository\org\springframework\data\spring-data-commons\3.2.2\spring-data-commons-3.2.2.jar;C:\Users\Usuario\.m2\repository\org\springframework\spring-orm\6.1.3\spring-orm-6.1.3.jar;C:\Users\Usuario\.m2\repository\org\springframework\spring-tx\6.1.3\spring-tx-6.1.3.jar;C:\Users\Usuario\.m2\repository\org\slf4j\slf4j-api\2.0.11\slf4j-api-2.0.11.jar;C:\Users\Usuario\.m2\repository\org\springframework\spring-aspects\6.1.3\spring-aspects-6.1.3.jar;C:\Users\Usuario\.m2\repository\com\mysql\mysql-connector-j\8.3.0\mysql-connector-j-8.3.0.jar;C:\Users\Usuario\.m2\repository\org\projectlombok\lombok\1.18.32\lombok-1.18.32.jar;C:\Users\Usuario\.m2\repository\org\springframework\boot\spring-boot-devtools\3.2.2\spring-boot-devtools-3.2.2.jar;C:\Users\Usuario\.m2\repository\org\springframework\boot\spring-boot\3.2.2\spring-boot-3.2.2.jar;C:\Users\Usuario\.m2\repository\org\springframework\boot\spring-boot-autoconfigure\3.2.2\spring-boot-autoconfigure-3.2.2.jar;C:\Users\Usuario\.m2\repository\jakarta\xml\bind\jakarta.xml.bind-api\4.0.1\jakarta.xml.bind-api-4.0.1.jar;C:\Users\Usuario\.m2\repository\jakarta\activation\jakarta.activation-api\2.1.2\jakarta.activation-api-2.1.2.jar;C:\Users\Usuario\.m2\repository\org\springframework\spring-core\6.1.3\spring-core-6.1.3.jar;C:\Users\Usuario\.m2\repository\org\springframework\spring-jcl\6.1.3\spring-jcl-6.1.3.jar
Launcher Type: SUN_STANDARD

[Global flags]
     intx CICompilerCount                          = 4                                         {product} {ergonomic}
     uint ConcGCThreads                            = 3                                         {product} {ergonomic}
     uint G1ConcRefinementThreads                  = 10                                        {product} {ergonomic}
   size_t G1HeapRegionSize                         = 2097152                                   {product} {ergonomic}
    uintx GCDrainStackTargetSize                   = 64                                        {product} {ergonomic}
   size_t InitialHeapSize                          = 266338304                                 {product} {ergonomic}
     bool ManagementServer                         = true                                      {product} {command line}
   size_t MarkStackSize                            = 4194304                                   {product} {ergonomic}
   size_t MaxHeapSize                              = 4261412864                                {product} {ergonomic}
   size_t MaxNewSize                               = 2556428288                                {product} {ergonomic}
   size_t MinHeapDeltaBytes                        = 2097152                                   {product} {ergonomic}
   size_t MinHeapSize                              = 8388608                                   {product} {ergonomic}
    uintx NonNMethodCodeHeapSize                   = 4096                                   {pd product} {ergonomic}
    uintx NonProfiledCodeHeapSize                  = 0                                      {pd product} {ergonomic}
     bool ProfileInterpreter                       = false                                  {pd product} {command line}
    uintx ProfiledCodeHeapSize                     = 0                                      {pd product} {ergonomic}
     bool ShowCodeDetailsInExceptionMessages       = true                                   {manageable} {command line}
   size_t SoftMaxHeapSize                          = 4261412864                             {manageable} {ergonomic}
     intx TieredStopAtLevel                        = 1                                         {product} {command line}
     bool UseCompressedOops                        = true                           {product lp64_product} {ergonomic}
     bool UseG1GC                                  = true                                      {product} {ergonomic}
     bool UseLargePagesIndividualAllocation        = false                                  {pd product} {ergonomic}

Logging:
Log output configuration:
 #0: stdout all=warning uptime,level,tags foldmultilines=false
 #1: stderr all=off uptime,level,tags foldmultilines=false

Environment Variables:
JAVA_HOME=C:\Program Files\Java\jdk-21
PATH=C:\Program Files\sts-4.28.1.RELEASE\plugins\org.eclipse.justj.openjdk.hotspot.jre.full.win32.x86_64_21.0.6.v20250130-0529\jre\bin;C:/Program Files/sts-4.28.1.RELEASE//plugins/org.eclipse.justj.openjdk.hotspot.jre.full.win32.x86_64_21.0.6.v20250130-0529/jre/bin/server;C:/Program Files/sts-4.28.1.RELEASE//plugins/org.eclipse.justj.openjdk.hotspot.jre.full.win32.x86_64_21.0.6.v20250130-0529/jre/bin;C:\WINDOWS\system32;C:\WINDOWS;C:\WINDOWS\System32\Wbem;C:\WINDOWS\System32\WindowsPowerShell\v1.0\;C:\WINDOWS\System32\OpenSSH\;C:\Program Files (x86)\NVIDIA Corporation\PhysX\Common;C:\Program Files\NVIDIA Corporation\NVIDIA app\NvDLISR;C:\Program Files\Git\cmd;C:\apache-maven-3.9.9-bin\bin;C:\Program Files\CMake\bin;C:\Program Files\Java\jdk-21\bin;C:\Program Files\nodejs\;C:\Program Files\MySQL\MySQL Shell 8.0\bin\;C:\Users\Usuario\AppData\Local\Programs\Python\Python313\Scripts\;C:\Users\Usuario\AppData\Local\Programs\Python\Python313\;C:\Users\Usuario\AppData\Local\Programs\Python\Launcher\;C:\Users\Usuario\AppData\Local\Microsoft\WindowsApps;C:\Users\Usuario\AppData\Local\Programs\Microsoft VS Code\bin;C:\Program Files\apache-maven-3.9.11\bin;C:\workspaces\glomo-local\wrapper-loc;C:\Program Files\Java\jdk-21\bin;C:\Users\Usuario\AppData\Roaming\npm;C:\Program Files\sts-4.28.1.RELEASE;
USERNAME=Usuario
OS=Windows_NT
PROCESSOR_IDENTIFIER=AMD64 Family 25 Model 80 Stepping 0, AuthenticAMD
TMP=C:\Users\Usuario\AppData\Local\Temp
TEMP=C:\Users\Usuario\AppData\Local\Temp




Periodic native trim disabled

---------------  S Y S T E M  ---------------

OS:
 Windows 11 , 64 bit Build 26100 (10.0.26100.7019)
OS uptime: 0 days 0:53 hours
Hyper-V role detected

CPU: total 12 (initial active 12) (12 cores per cpu, 2 threads per core) family 25 model 80 stepping 0 microcode 0xa50000d, cx8, cmov, fxsr, ht, mmx, 3dnowpref, sse, sse2, sse3, ssse3, sse4a, sse4.1, sse4.2, popcnt, lzcnt, tsc, tscinvbit, avx, avx2, aes, erms, clmul, bmi1, bmi2, adx, sha, fma, vzeroupper, clflush, clflushopt, hv, rdtscp, rdpid, fsrm, f16c, cet_ss
Processor Information for the first 12 processors :
  Max Mhz: 3600, Current Mhz: 3600, Mhz Limit: 3600

Memory: 4k page, system-wide physical 16252M (7595M free)
TotalPageFile size 22396M (AvailPageFile size 10655M)
current process WorkingSet (physical memory assigned to process): 256M, peak: 258M
current process commit charge ("private bytes"): 289M, peak: 379M

vm_info: OpenJDK 64-Bit Server VM (21.0.6+7-LTS) for windows-amd64 JRE (21.0.6+7-LTS), built on 2025-01-21T00:00:00Z by "admin" with MS VC++ 17.7 (VS2022)

END.
